[0.145s] Invoking command in '/home/burak/arduinobot_ws2/build/arduinobot_controller': CMAKE_PREFIX_PATH=${CMAKE_PREFIX_PATH}:/opt/ros/jazzy /usr/bin/cmake /home/burak/arduinobot_ws2/src/arduinobot_controller -DCMAKE_INSTALL_PREFIX=/home/burak/arduinobot_ws2/install/arduinobot_controller
[0.315s] -- The C compiler identification is GNU 13.3.0
[1.398s] -- The CXX compiler identification is GNU 13.3.0
[1.881s] -- Detecting C compiler ABI info
[2.081s] -- Detecting C compiler ABI info - done
[2.089s] -- Check for working C compiler: /usr/bin/cc - skipped
[2.090s] -- Detecting C compile features
[2.091s] -- Detecting C compile features - done
[2.172s] -- Detecting CXX compiler ABI info
[2.402s] -- Detecting CXX compiler ABI info - done
[2.413s] -- Check for working CXX compiler: /usr/bin/c++ - skipped
[2.413s] -- Detecting CXX compile features
[2.413s] -- Detecting CXX compile features - done
[2.428s] -- Found ament_cmake: 2.5.3 (/opt/ros/jazzy/share/ament_cmake/cmake)
[2.585s] -- Found Python3: /usr/bin/python3 (found version "3.12.3") found components: Interpreter 
[2.705s] -- Found trajectory_msgs: 5.3.5 (/opt/ros/jazzy/share/trajectory_msgs/cmake)
[2.891s] -- Found rosidl_generator_c: 4.6.5 (/opt/ros/jazzy/share/rosidl_generator_c/cmake)
[2.907s] -- Found rosidl_generator_cpp: 4.6.5 (/opt/ros/jazzy/share/rosidl_generator_cpp/cmake)
[2.930s] -- Using all available rosidl_typesupport_c: rosidl_typesupport_fastrtps_c;rosidl_typesupport_introspection_c
[2.955s] -- Using all available rosidl_typesupport_cpp: rosidl_typesupport_fastrtps_cpp;rosidl_typesupport_introspection_cpp
[3.037s] -- Found sensor_msgs: 5.3.5 (/opt/ros/jazzy/share/sensor_msgs/cmake)
[3.068s] -- Found rclcpp: 28.1.6 (/opt/ros/jazzy/share/rclcpp/cmake)
[3.106s] -- Found rmw_implementation_cmake: 7.3.1 (/opt/ros/jazzy/share/rmw_implementation_cmake/cmake)
[3.111s] -- Found rmw_fastrtps_cpp: 8.4.1 (/opt/ros/jazzy/share/rmw_fastrtps_cpp/cmake)
[3.171s] -- Found OpenSSL: /usr/lib/x86_64-linux-gnu/libcrypto.so (found version "3.0.13")  
[3.324s] -- Found FastRTPS: /opt/ros/jazzy/include (Required is at least version "2.13") 
[3.438s] -- Using RMW implementation 'rmw_fastrtps_cpp' as default
[3.582s] -- Found rclpy: 7.1.3 (/opt/ros/jazzy/share/rclpy/cmake)
[3.766s] -- Configuring done (3.6s)
[3.776s] -- Generating done (0.0s)
[3.782s] -- Build files have been written to: /home/burak/arduinobot_ws2/build/arduinobot_controller
[3.792s] Invoked command in '/home/burak/arduinobot_ws2/build/arduinobot_controller' returned '0': CMAKE_PREFIX_PATH=${CMAKE_PREFIX_PATH}:/opt/ros/jazzy /usr/bin/cmake /home/burak/arduinobot_ws2/src/arduinobot_controller -DCMAKE_INSTALL_PREFIX=/home/burak/arduinobot_ws2/install/arduinobot_controller
[3.793s] Invoking command in '/home/burak/arduinobot_ws2/build/arduinobot_controller': CMAKE_PREFIX_PATH=${CMAKE_PREFIX_PATH}:/opt/ros/jazzy /usr/bin/cmake --build /home/burak/arduinobot_ws2/build/arduinobot_controller -- -j20 -l20
[3.835s] [ 50%] [32mBuilding CXX object CMakeFiles/slider_control.dir/src/slider_control.cpp.o[0m
[3.842s] [ 50%] Built target ament_cmake_python_copy_arduinobot_controller
[4.029s] running egg_info
[4.029s] creating arduinobot_controller.egg-info
[4.044s] writing arduinobot_controller.egg-info/PKG-INFO
[4.044s] writing dependency_links to arduinobot_controller.egg-info/dependency_links.txt
[4.045s] writing top-level names to arduinobot_controller.egg-info/top_level.txt
[4.045s] writing manifest file 'arduinobot_controller.egg-info/SOURCES.txt'
[4.089s] reading manifest file 'arduinobot_controller.egg-info/SOURCES.txt'
[4.090s] writing manifest file 'arduinobot_controller.egg-info/SOURCES.txt'
[4.143s] [ 50%] Built target ament_cmake_python_build_arduinobot_controller_egg
[10.634s] [100%] [32m[1mLinking CXX executable slider_control[0m
[10.878s] [100%] Built target slider_control
[10.909s] Invoked command in '/home/burak/arduinobot_ws2/build/arduinobot_controller' returned '0': CMAKE_PREFIX_PATH=${CMAKE_PREFIX_PATH}:/opt/ros/jazzy /usr/bin/cmake --build /home/burak/arduinobot_ws2/build/arduinobot_controller -- -j20 -l20
[10.911s] Invoking command in '/home/burak/arduinobot_ws2/build/arduinobot_controller': CMAKE_PREFIX_PATH=${CMAKE_PREFIX_PATH}:/opt/ros/jazzy /usr/bin/cmake --install /home/burak/arduinobot_ws2/build/arduinobot_controller
[10.916s] -- Install configuration: ""
[10.917s] -- Installing: /home/burak/arduinobot_ws2/install/arduinobot_controller/share/arduinobot_controller/environment/pythonpath.sh
[10.917s] -- Installing: /home/burak/arduinobot_ws2/install/arduinobot_controller/share/arduinobot_controller/environment/pythonpath.dsv
[10.917s] -- Installing: /home/burak/arduinobot_ws2/install/arduinobot_controller/lib/python3.12/site-packages/arduinobot_controller-0.0.0-py3.12.egg-info
[10.917s] -- Installing: /home/burak/arduinobot_ws2/install/arduinobot_controller/lib/python3.12/site-packages/arduinobot_controller-0.0.0-py3.12.egg-info/top_level.txt
[10.918s] -- Installing: /home/burak/arduinobot_ws2/install/arduinobot_controller/lib/python3.12/site-packages/arduinobot_controller-0.0.0-py3.12.egg-info/PKG-INFO
[10.918s] -- Installing: /home/burak/arduinobot_ws2/install/arduinobot_controller/lib/python3.12/site-packages/arduinobot_controller-0.0.0-py3.12.egg-info/SOURCES.txt
[10.918s] -- Installing: /home/burak/arduinobot_ws2/install/arduinobot_controller/lib/python3.12/site-packages/arduinobot_controller-0.0.0-py3.12.egg-info/dependency_links.txt
[10.918s] -- Installing: /home/burak/arduinobot_ws2/install/arduinobot_controller/lib/python3.12/site-packages/arduinobot_controller
[10.918s] -- Installing: /home/burak/arduinobot_ws2/install/arduinobot_controller/lib/python3.12/site-packages/arduinobot_controller/__init__.py
[10.918s] -- Installing: /home/burak/arduinobot_ws2/install/arduinobot_controller/lib/python3.12/site-packages/arduinobot_controller/slider_control.py
[10.943s] Listing '/home/burak/arduinobot_ws2/install/arduinobot_controller/lib/python3.12/site-packages/arduinobot_controller'...
[10.943s] Compiling '/home/burak/arduinobot_ws2/install/arduinobot_controller/lib/python3.12/site-packages/arduinobot_controller/__init__.py'...
[10.943s] Compiling '/home/burak/arduinobot_ws2/install/arduinobot_controller/lib/python3.12/site-packages/arduinobot_controller/slider_control.py'...
[10.947s] -- Installing: /home/burak/arduinobot_ws2/install/arduinobot_controller/lib/arduinobot_controller/slider_control
[10.950s] -- Set non-toolchain portion of runtime path of "/home/burak/arduinobot_ws2/install/arduinobot_controller/lib/arduinobot_controller/slider_control" to ""
[10.950s] -- Installing: /home/burak/arduinobot_ws2/install/arduinobot_controller/share/arduinobot_controller/launch
[10.950s] -- Installing: /home/burak/arduinobot_ws2/install/arduinobot_controller/share/arduinobot_controller/launch/controller.launch.py
[10.950s] -- Installing: /home/burak/arduinobot_ws2/install/arduinobot_controller/share/arduinobot_controller/config
[10.950s] -- Installing: /home/burak/arduinobot_ws2/install/arduinobot_controller/share/arduinobot_controller/config/arduinobot_controllersORI.yaml:Zone.Identifier
[10.950s] -- Installing: /home/burak/arduinobot_ws2/install/arduinobot_controller/share/arduinobot_controller/config/arduinobot_controllers.yaml:Zone.Identifier
[10.951s] -- Installing: /home/burak/arduinobot_ws2/install/arduinobot_controller/share/arduinobot_controller/config/arduinobot_controllers.yaml
[10.951s] -- Installing: /home/burak/arduinobot_ws2/install/arduinobot_controller/share/arduinobot_controller/config/arduinobot_controllersORI.yaml
[10.951s] -- Installing: /home/burak/arduinobot_ws2/install/arduinobot_controller/lib/arduinobot_controller/slider_control.py
[10.951s] -- Installing: /home/burak/arduinobot_ws2/install/arduinobot_controller/share/ament_index/resource_index/package_run_dependencies/arduinobot_controller
[10.952s] -- Installing: /home/burak/arduinobot_ws2/install/arduinobot_controller/share/ament_index/resource_index/parent_prefix_path/arduinobot_controller
[10.952s] -- Installing: /home/burak/arduinobot_ws2/install/arduinobot_controller/share/arduinobot_controller/environment/ament_prefix_path.sh
[10.952s] -- Installing: /home/burak/arduinobot_ws2/install/arduinobot_controller/share/arduinobot_controller/environment/ament_prefix_path.dsv
[10.952s] -- Installing: /home/burak/arduinobot_ws2/install/arduinobot_controller/share/arduinobot_controller/environment/path.sh
[10.952s] -- Installing: /home/burak/arduinobot_ws2/install/arduinobot_controller/share/arduinobot_controller/environment/path.dsv
[10.953s] -- Installing: /home/burak/arduinobot_ws2/install/arduinobot_controller/share/arduinobot_controller/local_setup.bash
[10.953s] -- Installing: /home/burak/arduinobot_ws2/install/arduinobot_controller/share/arduinobot_controller/local_setup.sh
[10.953s] -- Installing: /home/burak/arduinobot_ws2/install/arduinobot_controller/share/arduinobot_controller/local_setup.zsh
[10.953s] -- Installing: /home/burak/arduinobot_ws2/install/arduinobot_controller/share/arduinobot_controller/local_setup.dsv
[10.953s] -- Installing: /home/burak/arduinobot_ws2/install/arduinobot_controller/share/arduinobot_controller/package.dsv
[10.953s] -- Installing: /home/burak/arduinobot_ws2/install/arduinobot_controller/share/ament_index/resource_index/packages/arduinobot_controller
[10.953s] -- Installing: /home/burak/arduinobot_ws2/install/arduinobot_controller/share/arduinobot_controller/cmake/arduinobot_controllerConfig.cmake
[10.953s] -- Installing: /home/burak/arduinobot_ws2/install/arduinobot_controller/share/arduinobot_controller/cmake/arduinobot_controllerConfig-version.cmake
[10.953s] -- Installing: /home/burak/arduinobot_ws2/install/arduinobot_controller/share/arduinobot_controller/package.xml
[10.954s] Invoked command in '/home/burak/arduinobot_ws2/build/arduinobot_controller' returned '0': CMAKE_PREFIX_PATH=${CMAKE_PREFIX_PATH}:/opt/ros/jazzy /usr/bin/cmake --install /home/burak/arduinobot_ws2/build/arduinobot_controller
