[0.147s] Invoking command in '/home/burak/arduinobot_ws2/build/arduinobot_description': CMAKE_PREFIX_PATH=${CMAKE_PREFIX_PATH}:/opt/ros/jazzy /usr/bin/cmake /home/burak/arduinobot_ws2/src/arduinobot_description -DCMAKE_INSTALL_PREFIX=/home/burak/arduinobot_ws2/install/arduinobot_description
[0.311s] -- The C compiler identification is GNU 13.3.0
[1.618s] -- The CXX compiler identification is GNU 13.3.0
[2.004s] -- Detecting C compiler ABI info
[2.204s] -- Detecting C compiler ABI info - done
[2.210s] -- Check for working C compiler: /usr/bin/cc - skipped
[2.211s] -- Detecting C compile features
[2.211s] -- Detecting C compile features - done
[2.268s] -- Detecting CXX compiler ABI info
[2.521s] -- Detecting CXX compiler ABI info - done
[2.529s] -- Check for working CXX compiler: /usr/bin/c++ - skipped
[2.529s] -- Detecting CXX compile features
[2.529s] -- Detecting CXX compile features - done
[2.532s] -- Found ament_cmake: 2.5.3 (/opt/ros/jazzy/share/ament_cmake/cmake)
[2.683s] -- Found Python3: /usr/bin/python3 (found version "3.12.3") found components: Interpreter 
[2.772s] -- Found ament_lint_auto: 0.17.1 (/opt/ros/jazzy/share/ament_lint_auto/cmake)
[2.868s] -- Added test 'flake8' to check Python code syntax and style conventions
[2.868s] -- Configured 'flake8' exclude dirs and/or files: 
[2.869s] -- Added test 'lint_cmake' to check CMake code style
[2.870s] -- Added test 'pep257' to check Python code against some of the docstring style conventions in PEP 257
[2.872s] -- Added test 'xmllint' to check XML markup files
[2.874s] -- Configuring done (2.7s)
[2.876s] -- Generating done (0.0s)
[2.877s] -- Build files have been written to: /home/burak/arduinobot_ws2/build/arduinobot_description
[2.882s] Invoked command in '/home/burak/arduinobot_ws2/build/arduinobot_description' returned '0': CMAKE_PREFIX_PATH=${CMAKE_PREFIX_PATH}:/opt/ros/jazzy /usr/bin/cmake /home/burak/arduinobot_ws2/src/arduinobot_description -DCMAKE_INSTALL_PREFIX=/home/burak/arduinobot_ws2/install/arduinobot_description
[2.883s] Invoking command in '/home/burak/arduinobot_ws2/build/arduinobot_description': CMAKE_PREFIX_PATH=${CMAKE_PREFIX_PATH}:/opt/ros/jazzy /usr/bin/cmake --build /home/burak/arduinobot_ws2/build/arduinobot_description -- -j20 -l20
[2.911s] Invoked command in '/home/burak/arduinobot_ws2/build/arduinobot_description' returned '0': CMAKE_PREFIX_PATH=${CMAKE_PREFIX_PATH}:/opt/ros/jazzy /usr/bin/cmake --build /home/burak/arduinobot_ws2/build/arduinobot_description -- -j20 -l20
[2.917s] Invoking command in '/home/burak/arduinobot_ws2/build/arduinobot_description': CMAKE_PREFIX_PATH=${CMAKE_PREFIX_PATH}:/opt/ros/jazzy /usr/bin/cmake --install /home/burak/arduinobot_ws2/build/arduinobot_description
[2.923s] -- Install configuration: ""
[2.923s] -- Installing: /home/burak/arduinobot_ws2/install/arduinobot_description/share/arduinobot_description/meshes
[2.923s] -- Installing: /home/burak/arduinobot_ws2/install/arduinobot_description/share/arduinobot_description/meshes/plate.STL
[2.927s] -- Installing: /home/burak/arduinobot_ws2/install/arduinobot_description/share/arduinobot_description/meshes/basement.STL:Zone.Identifier
[2.927s] -- Installing: /home/burak/arduinobot_ws2/install/arduinobot_description/share/arduinobot_description/meshes/vertical_drive_arm.STL
[2.930s] -- Installing: /home/burak/arduinobot_ws2/install/arduinobot_description/share/arduinobot_description/meshes/vertical_drive_arm.STL:Zone.Identifier
[2.931s] -- Installing: /home/burak/arduinobot_ws2/install/arduinobot_description/share/arduinobot_description/meshes/plate.STL:Zone.Identifier
[2.931s] -- Installing: /home/burak/arduinobot_ws2/install/arduinobot_description/share/arduinobot_description/meshes/forward_drive_arm.STL:Zone.Identifier
[2.931s] -- Installing: /home/burak/arduinobot_ws2/install/arduinobot_description/share/arduinobot_description/meshes/round_plate.STL:Zone.Identifier
[2.932s] -- Installing: /home/burak/arduinobot_ws2/install/arduinobot_description/share/arduinobot_description/meshes/right_finger.STL:Zone.Identifier
[2.932s] -- Installing: /home/burak/arduinobot_ws2/install/arduinobot_description/share/arduinobot_description/meshes/link.STL:Zone.Identifier
[2.932s] -- Installing: /home/burak/arduinobot_ws2/install/arduinobot_description/share/arduinobot_description/meshes/left_finger.STL
[2.932s] -- Installing: /home/burak/arduinobot_ws2/install/arduinobot_description/share/arduinobot_description/meshes/servo_plate.STL
[2.933s] -- Installing: /home/burak/arduinobot_ws2/install/arduinobot_description/share/arduinobot_description/meshes/link.STL
[2.934s] -- Installing: /home/burak/arduinobot_ws2/install/arduinobot_description/share/arduinobot_description/meshes/base_plate.STL
[2.939s] -- Installing: /home/burak/arduinobot_ws2/install/arduinobot_description/share/arduinobot_description/meshes/claw_support.STL
[2.940s] -- Installing: /home/burak/arduinobot_ws2/install/arduinobot_description/share/arduinobot_description/meshes/triangular_link.STL:Zone.Identifier
[2.940s] -- Installing: /home/burak/arduinobot_ws2/install/arduinobot_description/share/arduinobot_description/meshes/base_plate.STL:Zone.Identifier
[2.941s] -- Installing: /home/burak/arduinobot_ws2/install/arduinobot_description/share/arduinobot_description/meshes/forward_drive_arm.STL
[2.944s] -- Installing: /home/burak/arduinobot_ws2/install/arduinobot_description/share/arduinobot_description/meshes/basement.STL
[2.946s] -- Installing: /home/burak/arduinobot_ws2/install/arduinobot_description/share/arduinobot_description/meshes/left_finger.STL:Zone.Identifier
[2.947s] -- Installing: /home/burak/arduinobot_ws2/install/arduinobot_description/share/arduinobot_description/meshes/servo_plate.STL:Zone.Identifier
[2.947s] -- Installing: /home/burak/arduinobot_ws2/install/arduinobot_description/share/arduinobot_description/meshes/claw_support.STL:Zone.Identifier
[2.947s] -- Installing: /home/burak/arduinobot_ws2/install/arduinobot_description/share/arduinobot_description/meshes/right_finger.STL
[2.948s] -- Installing: /home/burak/arduinobot_ws2/install/arduinobot_description/share/arduinobot_description/meshes/horizontal_arm.STL
[2.951s] -- Installing: /home/burak/arduinobot_ws2/install/arduinobot_description/share/arduinobot_description/meshes/triangular_link.STL
[2.952s] -- Installing: /home/burak/arduinobot_ws2/install/arduinobot_description/share/arduinobot_description/meshes/horizontal_arm.STL:Zone.Identifier
[2.953s] -- Installing: /home/burak/arduinobot_ws2/install/arduinobot_description/share/arduinobot_description/meshes/round_plate.STL
[2.953s] -- Installing: /home/burak/arduinobot_ws2/install/arduinobot_description/share/arduinobot_description/urdf
[2.954s] -- Installing: /home/burak/arduinobot_ws2/install/arduinobot_description/share/arduinobot_description/urdf/arduinobot_ros2_control.xacro:Zone.Identifier
[2.954s] -- Installing: /home/burak/arduinobot_ws2/install/arduinobot_description/share/arduinobot_description/urdf/arduinobot_gazebo.xacro:Zone.Identifier
[2.955s] -- Installing: /home/burak/arduinobot_ws2/install/arduinobot_description/share/arduinobot_description/urdf/arduinobot_gazebo.xacro
[2.955s] -- Installing: /home/burak/arduinobot_ws2/install/arduinobot_description/share/arduinobot_description/urdf/arduinobot.urdf.xacro:Zone.Identifier
[2.955s] -- Installing: /home/burak/arduinobot_ws2/install/arduinobot_description/share/arduinobot_description/urdf/arduinobot_ros2_control.xacro
[2.956s] -- Installing: /home/burak/arduinobot_ws2/install/arduinobot_description/share/arduinobot_description/urdf/arduinobot.urdf.xacro
[2.956s] -- Installing: /home/burak/arduinobot_ws2/install/arduinobot_description/share/arduinobot_description/launch
[2.956s] -- Installing: /home/burak/arduinobot_ws2/install/arduinobot_description/share/arduinobot_description/launch/display.launch.py:Zone.Identifier
[2.956s] -- Installing: /home/burak/arduinobot_ws2/install/arduinobot_description/share/arduinobot_description/launch/gazebo.launch.py
[2.957s] -- Installing: /home/burak/arduinobot_ws2/install/arduinobot_description/share/arduinobot_description/launch/display.launch.py
[2.957s] -- Installing: /home/burak/arduinobot_ws2/install/arduinobot_description/share/arduinobot_description/launch/gazebo.launch.py:Zone.Identifier
[2.957s] -- Installing: /home/burak/arduinobot_ws2/install/arduinobot_description/share/arduinobot_description/rviz
[2.957s] -- Installing: /home/burak/arduinobot_ws2/install/arduinobot_description/share/arduinobot_description/rviz/display.rviz
[2.957s] -- Installing: /home/burak/arduinobot_ws2/install/arduinobot_description/share/arduinobot_description/rviz/display.rviz:Zone.Identifier
[2.958s] -- Installing: /home/burak/arduinobot_ws2/install/arduinobot_description/share/ament_index/resource_index/package_run_dependencies/arduinobot_description
[2.958s] -- Installing: /home/burak/arduinobot_ws2/install/arduinobot_description/share/ament_index/resource_index/parent_prefix_path/arduinobot_description
[2.958s] -- Installing: /home/burak/arduinobot_ws2/install/arduinobot_description/share/arduinobot_description/environment/ament_prefix_path.sh
[2.958s] -- Installing: /home/burak/arduinobot_ws2/install/arduinobot_description/share/arduinobot_description/environment/ament_prefix_path.dsv
[2.958s] -- Installing: /home/burak/arduinobot_ws2/install/arduinobot_description/share/arduinobot_description/environment/path.sh
[2.958s] -- Installing: /home/burak/arduinobot_ws2/install/arduinobot_description/share/arduinobot_description/environment/path.dsv
[2.958s] -- Installing: /home/burak/arduinobot_ws2/install/arduinobot_description/share/arduinobot_description/local_setup.bash
[2.959s] -- Installing: /home/burak/arduinobot_ws2/install/arduinobot_description/share/arduinobot_description/local_setup.sh
[2.959s] -- Installing: /home/burak/arduinobot_ws2/install/arduinobot_description/share/arduinobot_description/local_setup.zsh
[2.959s] -- Installing: /home/burak/arduinobot_ws2/install/arduinobot_description/share/arduinobot_description/local_setup.dsv
[2.959s] -- Installing: /home/burak/arduinobot_ws2/install/arduinobot_description/share/arduinobot_description/package.dsv
[2.959s] -- Installing: /home/burak/arduinobot_ws2/install/arduinobot_description/share/ament_index/resource_index/packages/arduinobot_description
[2.959s] -- Installing: /home/burak/arduinobot_ws2/install/arduinobot_description/share/arduinobot_description/cmake/arduinobot_descriptionConfig.cmake
[2.959s] -- Installing: /home/burak/arduinobot_ws2/install/arduinobot_description/share/arduinobot_description/cmake/arduinobot_descriptionConfig-version.cmake
[2.959s] -- Installing: /home/burak/arduinobot_ws2/install/arduinobot_description/share/arduinobot_description/package.xml
[2.960s] Invoked command in '/home/burak/arduinobot_ws2/build/arduinobot_description' returned '0': CMAKE_PREFIX_PATH=${CMAKE_PREFIX_PATH}:/opt/ros/jazzy /usr/bin/cmake --install /home/burak/arduinobot_ws2/build/arduinobot_description
