[0.222s] DEBUG:colcon:Command line arguments: ['/usr/bin/colcon', 'build']
[0.222s] DEBUG:colcon:Parsed command line arguments: Namespace(log_base=None, log_level=None, verb_name='build', build_base='build', install_base='install', merge_install=False, symlink_install=False, test_result_base=None, continue_on_error=False, executor='parallel', parallel_workers=20, event_handlers=None, ignore_user_meta=False, metas=['./colcon.meta'], base_paths=['.'], packages_ignore=None, packages_ignore_regex=None, paths=None, packages_up_to=None, packages_up_to_regex=None, packages_above=None, packages_above_and_dependencies=None, packages_above_depth=None, packages_select_by_dep=None, packages_skip_by_dep=None, packages_skip_up_to=None, packages_select_build_failed=False, packages_skip_build_finished=False, packages_select_test_failures=False, packages_skip_test_passed=False, packages_select=None, packages_skip=None, packages_select_regex=None, packages_skip_regex=None, packages_start=None, packages_end=None, allow_overriding=[], cmake_args=None, cmake_target=None, cmake_target_skip_unavailable=False, cmake_clean_cache=False, cmake_clean_first=False, cmake_force_configure=False, ament_cmake_args=None, catkin_cmake_args=None, catkin_skip_building_tests=False, mixin_files=None, mixin=None, verb_parser=<colcon_mixin.mixin.mixin_argument.MixinArgumentDecorator object at 0x7f487abc20c0>, verb_extension=<colcon_core.verb.build.BuildVerb object at 0x7f487ab6a0f0>, main=<bound method BuildVerb.main of <colcon_core.verb.build.BuildVerb object at 0x7f487ab6a0f0>>, mixin_verb=('build',))
[0.250s] Level 1:colcon.colcon_core.package_discovery:discover_packages(colcon_meta) check parameters
[0.250s] Level 1:colcon.colcon_core.package_discovery:discover_packages(recursive) check parameters
[0.250s] Level 1:colcon.colcon_core.package_discovery:discover_packages(ignore) check parameters
[0.250s] Level 1:colcon.colcon_core.package_discovery:discover_packages(path) check parameters
[0.250s] Level 1:colcon.colcon_core.package_discovery:discover_packages(colcon_meta) discover
[0.250s] Level 1:colcon.colcon_core.package_discovery:discover_packages(recursive) discover
[0.251s] INFO:colcon.colcon_core.package_discovery:Crawling recursively for packages in '/home/burak/arduinobot_ws2'
[0.251s] Level 1:colcon.colcon_core.package_identification:_identify(.) by extensions ['ignore', 'ignore_ament_install']
[0.251s] Level 1:colcon.colcon_core.package_identification:_identify(.) by extension 'ignore'
[0.251s] Level 1:colcon.colcon_core.package_identification:_identify(.) by extension 'ignore_ament_install'
[0.251s] Level 1:colcon.colcon_core.package_identification:_identify(.) by extensions ['colcon_pkg']
[0.251s] Level 1:colcon.colcon_core.package_identification:_identify(.) by extension 'colcon_pkg'
[0.251s] Level 1:colcon.colcon_core.package_identification:_identify(.) by extensions ['colcon_meta']
[0.251s] Level 1:colcon.colcon_core.package_identification:_identify(.) by extension 'colcon_meta'
[0.251s] Level 1:colcon.colcon_core.package_identification:_identify(.) by extensions ['ros']
[0.251s] Level 1:colcon.colcon_core.package_identification:_identify(.) by extension 'ros'
[0.272s] Level 1:colcon.colcon_core.package_identification:_identify(.) by extensions ['cmake', 'python']
[0.272s] Level 1:colcon.colcon_core.package_identification:_identify(.) by extension 'cmake'
[0.272s] Level 1:colcon.colcon_core.package_identification:_identify(.) by extension 'python'
[0.272s] Level 1:colcon.colcon_core.package_identification:_identify(.) by extensions ['python_setup_py']
[0.272s] Level 1:colcon.colcon_core.package_identification:_identify(.) by extension 'python_setup_py'
[0.272s] Level 1:colcon.colcon_core.package_identification:_identify(build) by extensions ['ignore', 'ignore_ament_install']
[0.272s] Level 1:colcon.colcon_core.package_identification:_identify(build) by extension 'ignore'
[0.273s] Level 1:colcon.colcon_core.package_identification:_identify(build) ignored
[0.273s] Level 1:colcon.colcon_core.package_identification:_identify(install) by extensions ['ignore', 'ignore_ament_install']
[0.273s] Level 1:colcon.colcon_core.package_identification:_identify(install) by extension 'ignore'
[0.273s] Level 1:colcon.colcon_core.package_identification:_identify(install) ignored
[0.273s] Level 1:colcon.colcon_core.package_identification:_identify(log) by extensions ['ignore', 'ignore_ament_install']
[0.273s] Level 1:colcon.colcon_core.package_identification:_identify(log) by extension 'ignore'
[0.273s] Level 1:colcon.colcon_core.package_identification:_identify(log) ignored
[0.273s] Level 1:colcon.colcon_core.package_identification:_identify(src) by extensions ['ignore', 'ignore_ament_install']
[0.273s] Level 1:colcon.colcon_core.package_identification:_identify(src) by extension 'ignore'
[0.273s] Level 1:colcon.colcon_core.package_identification:_identify(src) by extension 'ignore_ament_install'
[0.273s] Level 1:colcon.colcon_core.package_identification:_identify(src) by extensions ['colcon_pkg']
[0.273s] Level 1:colcon.colcon_core.package_identification:_identify(src) by extension 'colcon_pkg'
[0.273s] Level 1:colcon.colcon_core.package_identification:_identify(src) by extensions ['colcon_meta']
[0.273s] Level 1:colcon.colcon_core.package_identification:_identify(src) by extension 'colcon_meta'
[0.273s] Level 1:colcon.colcon_core.package_identification:_identify(src) by extensions ['ros']
[0.273s] Level 1:colcon.colcon_core.package_identification:_identify(src) by extension 'ros'
[0.273s] Level 1:colcon.colcon_core.package_identification:_identify(src) by extensions ['cmake', 'python']
[0.273s] Level 1:colcon.colcon_core.package_identification:_identify(src) by extension 'cmake'
[0.273s] Level 1:colcon.colcon_core.package_identification:_identify(src) by extension 'python'
[0.273s] Level 1:colcon.colcon_core.package_identification:_identify(src) by extensions ['python_setup_py']
[0.273s] Level 1:colcon.colcon_core.package_identification:_identify(src) by extension 'python_setup_py'
[0.273s] Level 1:colcon.colcon_core.package_identification:_identify(src/arduino_cpp_examples) by extensions ['ignore', 'ignore_ament_install']
[0.273s] Level 1:colcon.colcon_core.package_identification:_identify(src/arduino_cpp_examples) by extension 'ignore'
[0.273s] Level 1:colcon.colcon_core.package_identification:_identify(src/arduino_cpp_examples) by extension 'ignore_ament_install'
[0.273s] Level 1:colcon.colcon_core.package_identification:_identify(src/arduino_cpp_examples) by extensions ['colcon_pkg']
[0.273s] Level 1:colcon.colcon_core.package_identification:_identify(src/arduino_cpp_examples) by extension 'colcon_pkg'
[0.273s] Level 1:colcon.colcon_core.package_identification:_identify(src/arduino_cpp_examples) by extensions ['colcon_meta']
[0.273s] Level 1:colcon.colcon_core.package_identification:_identify(src/arduino_cpp_examples) by extension 'colcon_meta'
[0.273s] Level 1:colcon.colcon_core.package_identification:_identify(src/arduino_cpp_examples) by extensions ['ros']
[0.273s] Level 1:colcon.colcon_core.package_identification:_identify(src/arduino_cpp_examples) by extension 'ros'
[0.276s] DEBUG:colcon.colcon_core.package_identification:Package 'src/arduino_cpp_examples' with type 'ros.ament_cmake' and name 'arduinobot_cpp_examples'
[0.276s] Level 1:colcon.colcon_core.package_identification:_identify(src/arduino_py_examples) by extensions ['ignore', 'ignore_ament_install']
[0.276s] Level 1:colcon.colcon_core.package_identification:_identify(src/arduino_py_examples) by extension 'ignore'
[0.276s] Level 1:colcon.colcon_core.package_identification:_identify(src/arduino_py_examples) by extension 'ignore_ament_install'
[0.276s] Level 1:colcon.colcon_core.package_identification:_identify(src/arduino_py_examples) by extensions ['colcon_pkg']
[0.276s] Level 1:colcon.colcon_core.package_identification:_identify(src/arduino_py_examples) by extension 'colcon_pkg'
[0.276s] Level 1:colcon.colcon_core.package_identification:_identify(src/arduino_py_examples) by extensions ['colcon_meta']
[0.276s] Level 1:colcon.colcon_core.package_identification:_identify(src/arduino_py_examples) by extension 'colcon_meta'
[0.276s] Level 1:colcon.colcon_core.package_identification:_identify(src/arduino_py_examples) by extensions ['ros']
[0.276s] Level 1:colcon.colcon_core.package_identification:_identify(src/arduino_py_examples) by extension 'ros'
[0.277s] DEBUG:colcon.colcon_core.package_identification:Package 'src/arduino_py_examples' with type 'ros.ament_python' and name 'arduino_py_examples'
[0.277s] Level 1:colcon.colcon_core.package_identification:_identify(src/arduinobot_controller) by extensions ['ignore', 'ignore_ament_install']
[0.277s] Level 1:colcon.colcon_core.package_identification:_identify(src/arduinobot_controller) by extension 'ignore'
[0.277s] Level 1:colcon.colcon_core.package_identification:_identify(src/arduinobot_controller) by extension 'ignore_ament_install'
[0.277s] Level 1:colcon.colcon_core.package_identification:_identify(src/arduinobot_controller) by extensions ['colcon_pkg']
[0.277s] Level 1:colcon.colcon_core.package_identification:_identify(src/arduinobot_controller) by extension 'colcon_pkg'
[0.277s] Level 1:colcon.colcon_core.package_identification:_identify(src/arduinobot_controller) by extensions ['colcon_meta']
[0.277s] Level 1:colcon.colcon_core.package_identification:_identify(src/arduinobot_controller) by extension 'colcon_meta'
[0.277s] Level 1:colcon.colcon_core.package_identification:_identify(src/arduinobot_controller) by extensions ['ros']
[0.277s] Level 1:colcon.colcon_core.package_identification:_identify(src/arduinobot_controller) by extension 'ros'
[0.277s] DEBUG:colcon.colcon_core.package_identification:Package 'src/arduinobot_controller' with type 'ros.ament_cmake' and name 'arduinobot_controller'
[0.278s] Level 1:colcon.colcon_core.package_identification:_identify(src/arduinobot_description) by extensions ['ignore', 'ignore_ament_install']
[0.278s] Level 1:colcon.colcon_core.package_identification:_identify(src/arduinobot_description) by extension 'ignore'
[0.278s] Level 1:colcon.colcon_core.package_identification:_identify(src/arduinobot_description) by extension 'ignore_ament_install'
[0.278s] Level 1:colcon.colcon_core.package_identification:_identify(src/arduinobot_description) by extensions ['colcon_pkg']
[0.278s] Level 1:colcon.colcon_core.package_identification:_identify(src/arduinobot_description) by extension 'colcon_pkg'
[0.278s] Level 1:colcon.colcon_core.package_identification:_identify(src/arduinobot_description) by extensions ['colcon_meta']
[0.278s] Level 1:colcon.colcon_core.package_identification:_identify(src/arduinobot_description) by extension 'colcon_meta'
[0.278s] Level 1:colcon.colcon_core.package_identification:_identify(src/arduinobot_description) by extensions ['ros']
[0.278s] Level 1:colcon.colcon_core.package_identification:_identify(src/arduinobot_description) by extension 'ros'
[0.280s] DEBUG:colcon.colcon_core.package_identification:Package 'src/arduinobot_description' with type 'ros.ament_cmake' and name 'arduinobot_description'
[0.280s] Level 1:colcon.colcon_core.package_discovery:discover_packages(recursive) using defaults
[0.280s] Level 1:colcon.colcon_core.package_discovery:discover_packages(ignore) discover
[0.280s] Level 1:colcon.colcon_core.package_discovery:discover_packages(ignore) using defaults
[0.280s] Level 1:colcon.colcon_core.package_discovery:discover_packages(path) discover
[0.280s] Level 1:colcon.colcon_core.package_discovery:discover_packages(path) using defaults
[0.296s] Level 1:colcon.colcon_core.package_discovery:discover_packages(prefix_path) check parameters
[0.296s] Level 1:colcon.colcon_core.package_discovery:discover_packages(prefix_path) discover
[0.300s] DEBUG:colcon.colcon_installed_package_information.package_discovery:Found 430 installed packages in /opt/ros/jazzy
[0.301s] Level 1:colcon.colcon_core.package_discovery:discover_packages(prefix_path) using defaults
[0.332s] Level 5:colcon.colcon_core.verb:set package 'arduino_py_examples' build argument 'cmake_args' from command line to 'None'
[0.332s] Level 5:colcon.colcon_core.verb:set package 'arduino_py_examples' build argument 'cmake_target' from command line to 'None'
[0.332s] Level 5:colcon.colcon_core.verb:set package 'arduino_py_examples' build argument 'cmake_target_skip_unavailable' from command line to 'False'
[0.332s] Level 5:colcon.colcon_core.verb:set package 'arduino_py_examples' build argument 'cmake_clean_cache' from command line to 'False'
[0.332s] Level 5:colcon.colcon_core.verb:set package 'arduino_py_examples' build argument 'cmake_clean_first' from command line to 'False'
[0.332s] Level 5:colcon.colcon_core.verb:set package 'arduino_py_examples' build argument 'cmake_force_configure' from command line to 'False'
[0.332s] Level 5:colcon.colcon_core.verb:set package 'arduino_py_examples' build argument 'ament_cmake_args' from command line to 'None'
[0.332s] Level 5:colcon.colcon_core.verb:set package 'arduino_py_examples' build argument 'catkin_cmake_args' from command line to 'None'
[0.332s] Level 5:colcon.colcon_core.verb:set package 'arduino_py_examples' build argument 'catkin_skip_building_tests' from command line to 'False'
[0.332s] DEBUG:colcon.colcon_core.verb:Building package 'arduino_py_examples' with the following arguments: {'ament_cmake_args': None, 'build_base': '/home/burak/arduinobot_ws2/build/arduino_py_examples', 'catkin_cmake_args': None, 'catkin_skip_building_tests': False, 'cmake_args': None, 'cmake_clean_cache': False, 'cmake_clean_first': False, 'cmake_force_configure': False, 'cmake_target': None, 'cmake_target_skip_unavailable': False, 'install_base': '/home/burak/arduinobot_ws2/install/arduino_py_examples', 'merge_install': False, 'path': '/home/burak/arduinobot_ws2/src/arduino_py_examples', 'symlink_install': False, 'test_result_base': None}
[0.332s] Level 5:colcon.colcon_core.verb:set package 'arduinobot_controller' build argument 'cmake_args' from command line to 'None'
[0.332s] Level 5:colcon.colcon_core.verb:set package 'arduinobot_controller' build argument 'cmake_target' from command line to 'None'
[0.332s] Level 5:colcon.colcon_core.verb:set package 'arduinobot_controller' build argument 'cmake_target_skip_unavailable' from command line to 'False'
[0.332s] Level 5:colcon.colcon_core.verb:set package 'arduinobot_controller' build argument 'cmake_clean_cache' from command line to 'False'
[0.332s] Level 5:colcon.colcon_core.verb:set package 'arduinobot_controller' build argument 'cmake_clean_first' from command line to 'False'
[0.332s] Level 5:colcon.colcon_core.verb:set package 'arduinobot_controller' build argument 'cmake_force_configure' from command line to 'False'
[0.332s] Level 5:colcon.colcon_core.verb:set package 'arduinobot_controller' build argument 'ament_cmake_args' from command line to 'None'
[0.332s] Level 5:colcon.colcon_core.verb:set package 'arduinobot_controller' build argument 'catkin_cmake_args' from command line to 'None'
[0.332s] Level 5:colcon.colcon_core.verb:set package 'arduinobot_controller' build argument 'catkin_skip_building_tests' from command line to 'False'
[0.332s] DEBUG:colcon.colcon_core.verb:Building package 'arduinobot_controller' with the following arguments: {'ament_cmake_args': None, 'build_base': '/home/burak/arduinobot_ws2/build/arduinobot_controller', 'catkin_cmake_args': None, 'catkin_skip_building_tests': False, 'cmake_args': None, 'cmake_clean_cache': False, 'cmake_clean_first': False, 'cmake_force_configure': False, 'cmake_target': None, 'cmake_target_skip_unavailable': False, 'install_base': '/home/burak/arduinobot_ws2/install/arduinobot_controller', 'merge_install': False, 'path': '/home/burak/arduinobot_ws2/src/arduinobot_controller', 'symlink_install': False, 'test_result_base': None}
[0.333s] Level 5:colcon.colcon_core.verb:set package 'arduinobot_cpp_examples' build argument 'cmake_args' from command line to 'None'
[0.333s] Level 5:colcon.colcon_core.verb:set package 'arduinobot_cpp_examples' build argument 'cmake_target' from command line to 'None'
[0.333s] Level 5:colcon.colcon_core.verb:set package 'arduinobot_cpp_examples' build argument 'cmake_target_skip_unavailable' from command line to 'False'
[0.333s] Level 5:colcon.colcon_core.verb:set package 'arduinobot_cpp_examples' build argument 'cmake_clean_cache' from command line to 'False'
[0.333s] Level 5:colcon.colcon_core.verb:set package 'arduinobot_cpp_examples' build argument 'cmake_clean_first' from command line to 'False'
[0.333s] Level 5:colcon.colcon_core.verb:set package 'arduinobot_cpp_examples' build argument 'cmake_force_configure' from command line to 'False'
[0.333s] Level 5:colcon.colcon_core.verb:set package 'arduinobot_cpp_examples' build argument 'ament_cmake_args' from command line to 'None'
[0.333s] Level 5:colcon.colcon_core.verb:set package 'arduinobot_cpp_examples' build argument 'catkin_cmake_args' from command line to 'None'
[0.333s] Level 5:colcon.colcon_core.verb:set package 'arduinobot_cpp_examples' build argument 'catkin_skip_building_tests' from command line to 'False'
[0.333s] DEBUG:colcon.colcon_core.verb:Building package 'arduinobot_cpp_examples' with the following arguments: {'ament_cmake_args': None, 'build_base': '/home/burak/arduinobot_ws2/build/arduinobot_cpp_examples', 'catkin_cmake_args': None, 'catkin_skip_building_tests': False, 'cmake_args': None, 'cmake_clean_cache': False, 'cmake_clean_first': False, 'cmake_force_configure': False, 'cmake_target': None, 'cmake_target_skip_unavailable': False, 'install_base': '/home/burak/arduinobot_ws2/install/arduinobot_cpp_examples', 'merge_install': False, 'path': '/home/burak/arduinobot_ws2/src/arduino_cpp_examples', 'symlink_install': False, 'test_result_base': None}
[0.333s] Level 5:colcon.colcon_core.verb:set package 'arduinobot_description' build argument 'cmake_args' from command line to 'None'
[0.333s] Level 5:colcon.colcon_core.verb:set package 'arduinobot_description' build argument 'cmake_target' from command line to 'None'
[0.333s] Level 5:colcon.colcon_core.verb:set package 'arduinobot_description' build argument 'cmake_target_skip_unavailable' from command line to 'False'
[0.333s] Level 5:colcon.colcon_core.verb:set package 'arduinobot_description' build argument 'cmake_clean_cache' from command line to 'False'
[0.333s] Level 5:colcon.colcon_core.verb:set package 'arduinobot_description' build argument 'cmake_clean_first' from command line to 'False'
[0.333s] Level 5:colcon.colcon_core.verb:set package 'arduinobot_description' build argument 'cmake_force_configure' from command line to 'False'
[0.333s] Level 5:colcon.colcon_core.verb:set package 'arduinobot_description' build argument 'ament_cmake_args' from command line to 'None'
[0.333s] Level 5:colcon.colcon_core.verb:set package 'arduinobot_description' build argument 'catkin_cmake_args' from command line to 'None'
[0.333s] Level 5:colcon.colcon_core.verb:set package 'arduinobot_description' build argument 'catkin_skip_building_tests' from command line to 'False'
[0.333s] DEBUG:colcon.colcon_core.verb:Building package 'arduinobot_description' with the following arguments: {'ament_cmake_args': None, 'build_base': '/home/burak/arduinobot_ws2/build/arduinobot_description', 'catkin_cmake_args': None, 'catkin_skip_building_tests': False, 'cmake_args': None, 'cmake_clean_cache': False, 'cmake_clean_first': False, 'cmake_force_configure': False, 'cmake_target': None, 'cmake_target_skip_unavailable': False, 'install_base': '/home/burak/arduinobot_ws2/install/arduinobot_description', 'merge_install': False, 'path': '/home/burak/arduinobot_ws2/src/arduinobot_description', 'symlink_install': False, 'test_result_base': None}
[0.333s] INFO:colcon.colcon_core.executor:Executing jobs using 'parallel' executor
[0.334s] DEBUG:colcon.colcon_parallel_executor.executor.parallel:run_until_complete
[0.334s] INFO:colcon.colcon_ros.task.ament_python.build:Building ROS package in '/home/burak/arduinobot_ws2/src/arduino_py_examples' with build type 'ament_python'
[0.334s] Level 1:colcon.colcon_core.shell:create_environment_hook('arduino_py_examples', 'ament_prefix_path')
[0.338s] INFO:colcon.colcon_core.plugin_system:Skipping extension 'colcon_core.shell.bat': Not used on non-Windows systems
[0.338s] INFO:colcon.colcon_core.shell:Creating environment hook '/home/burak/arduinobot_ws2/install/arduino_py_examples/share/arduino_py_examples/hook/ament_prefix_path.ps1'
[0.339s] INFO:colcon.colcon_core.shell:Creating environment descriptor '/home/burak/arduinobot_ws2/install/arduino_py_examples/share/arduino_py_examples/hook/ament_prefix_path.dsv'
[0.339s] INFO:colcon.colcon_core.shell:Creating environment hook '/home/burak/arduinobot_ws2/install/arduino_py_examples/share/arduino_py_examples/hook/ament_prefix_path.sh'
[0.340s] INFO:colcon.colcon_core.shell:Skip shell extension 'powershell' for command environment: Not usable outside of PowerShell
[0.340s] DEBUG:colcon.colcon_core.shell:Skip shell extension 'dsv' for command environment
[0.342s] INFO:colcon.colcon_ros.task.ament_cmake.build:Building ROS package in '/home/burak/arduinobot_ws2/src/arduinobot_controller' with build type 'ament_cmake'
[0.342s] INFO:colcon.colcon_cmake.task.cmake.build:Building CMake package in '/home/burak/arduinobot_ws2/src/arduinobot_controller'
[0.342s] INFO:colcon.colcon_core.shell:Skip shell extension 'powershell' for command environment: Not usable outside of PowerShell
[0.342s] DEBUG:colcon.colcon_core.shell:Skip shell extension 'dsv' for command environment
[0.344s] INFO:colcon.colcon_ros.task.ament_cmake.build:Building ROS package in '/home/burak/arduinobot_ws2/src/arduino_cpp_examples' with build type 'ament_cmake'
[0.344s] INFO:colcon.colcon_cmake.task.cmake.build:Building CMake package in '/home/burak/arduinobot_ws2/src/arduino_cpp_examples'
[0.344s] INFO:colcon.colcon_core.shell:Skip shell extension 'powershell' for command environment: Not usable outside of PowerShell
[0.344s] DEBUG:colcon.colcon_core.shell:Skip shell extension 'dsv' for command environment
[0.346s] INFO:colcon.colcon_ros.task.ament_cmake.build:Building ROS package in '/home/burak/arduinobot_ws2/src/arduinobot_description' with build type 'ament_cmake'
[0.346s] INFO:colcon.colcon_cmake.task.cmake.build:Building CMake package in '/home/burak/arduinobot_ws2/src/arduinobot_description'
[0.346s] INFO:colcon.colcon_core.shell:Skip shell extension 'powershell' for command environment: Not usable outside of PowerShell
[0.346s] DEBUG:colcon.colcon_core.shell:Skip shell extension 'dsv' for command environment
[0.483s] INFO:colcon.colcon_core.task.python.build:Building Python package in '/home/burak/arduinobot_ws2/src/arduino_py_examples'
[0.483s] INFO:colcon.colcon_core.shell:Skip shell extension 'powershell' for command environment: Not usable outside of PowerShell
[0.483s] DEBUG:colcon.colcon_core.shell:Skip shell extension 'dsv' for command environment
[0.488s] DEBUG:colcon.colcon_core.event_handler.log_command:Invoking command in '/home/burak/arduinobot_ws2/build/arduinobot_controller': CMAKE_PREFIX_PATH=${CMAKE_PREFIX_PATH}:/opt/ros/jazzy /usr/bin/cmake /home/burak/arduinobot_ws2/src/arduinobot_controller -DCMAKE_INSTALL_PREFIX=/home/burak/arduinobot_ws2/install/arduinobot_controller
[0.489s] DEBUG:colcon.colcon_core.event_handler.log_command:Invoking command in '/home/burak/arduinobot_ws2/build/arduinobot_cpp_examples': CMAKE_PREFIX_PATH=${CMAKE_PREFIX_PATH}:/opt/ros/jazzy /usr/bin/cmake /home/burak/arduinobot_ws2/src/arduino_cpp_examples -DCMAKE_INSTALL_PREFIX=/home/burak/arduinobot_ws2/install/arduinobot_cpp_examples
[0.494s] DEBUG:colcon.colcon_core.event_handler.log_command:Invoking command in '/home/burak/arduinobot_ws2/build/arduinobot_description': CMAKE_PREFIX_PATH=${CMAKE_PREFIX_PATH}:/opt/ros/jazzy /usr/bin/cmake /home/burak/arduinobot_ws2/src/arduinobot_description -DCMAKE_INSTALL_PREFIX=/home/burak/arduinobot_ws2/install/arduinobot_description
[1.003s] DEBUG:colcon.colcon_core.event_handler.log_command:Invoking command in '/home/burak/arduinobot_ws2/src/arduino_py_examples': PYTHONPATH=/home/burak/arduinobot_ws2/build/arduino_py_examples/prefix_override:/usr/lib/python3/dist-packages/colcon_core/task/python/colcon_distutils_commands:/home/burak/arduinobot_ws2/install/arduino_py_examples/lib/python3.12/site-packages:${PYTHONPATH} /usr/bin/python3 -W ignore:setup.py install is deprecated -W ignore:easy_install command is deprecated setup.py egg_info --egg-base ../../build/arduino_py_examples build --build-base /home/burak/arduinobot_ws2/build/arduino_py_examples/build install --record /home/burak/arduinobot_ws2/build/arduino_py_examples/install.log --single-version-externally-managed install_data
[1.324s] DEBUG:colcon.colcon_core.event_handler.log_command:Invoked command in '/home/burak/arduinobot_ws2/src/arduino_py_examples' returned '0': PYTHONPATH=/home/burak/arduinobot_ws2/build/arduino_py_examples/prefix_override:/usr/lib/python3/dist-packages/colcon_core/task/python/colcon_distutils_commands:/home/burak/arduinobot_ws2/install/arduino_py_examples/lib/python3.12/site-packages:${PYTHONPATH} /usr/bin/python3 -W ignore:setup.py install is deprecated -W ignore:easy_install command is deprecated setup.py egg_info --egg-base ../../build/arduino_py_examples build --build-base /home/burak/arduinobot_ws2/build/arduino_py_examples/build install --record /home/burak/arduinobot_ws2/build/arduino_py_examples/install.log --single-version-externally-managed install_data
[1.327s] Level 1:colcon.colcon_core.environment:checking '/home/burak/arduinobot_ws2/install/arduino_py_examples' for CMake module files
[1.327s] Level 1:colcon.colcon_core.environment:checking '/home/burak/arduinobot_ws2/install/arduino_py_examples' for CMake config files
[1.327s] Level 1:colcon.colcon_core.environment:checking '/home/burak/arduinobot_ws2/install/arduino_py_examples/lib'
[1.327s] Level 1:colcon.colcon_core.environment:checking '/home/burak/arduinobot_ws2/install/arduino_py_examples/bin'
[1.327s] Level 1:colcon.colcon_core.environment:checking '/home/burak/arduinobot_ws2/install/arduino_py_examples/lib/pkgconfig/arduino_py_examples.pc'
[1.327s] Level 1:colcon.colcon_core.environment:checking '/home/burak/arduinobot_ws2/install/arduino_py_examples/lib/python3.12/site-packages'
[1.327s] Level 1:colcon.colcon_core.shell:create_environment_hook('arduino_py_examples', 'pythonpath')
[1.328s] INFO:colcon.colcon_core.shell:Creating environment hook '/home/burak/arduinobot_ws2/install/arduino_py_examples/share/arduino_py_examples/hook/pythonpath.ps1'
[1.328s] INFO:colcon.colcon_core.shell:Creating environment descriptor '/home/burak/arduinobot_ws2/install/arduino_py_examples/share/arduino_py_examples/hook/pythonpath.dsv'
[1.328s] INFO:colcon.colcon_core.shell:Creating environment hook '/home/burak/arduinobot_ws2/install/arduino_py_examples/share/arduino_py_examples/hook/pythonpath.sh'
[1.328s] Level 1:colcon.colcon_core.environment:checking '/home/burak/arduinobot_ws2/install/arduino_py_examples/bin'
[1.328s] Level 1:colcon.colcon_core.environment:create_environment_scripts_only(arduino_py_examples)
[1.329s] INFO:colcon.colcon_core.shell:Creating package script '/home/burak/arduinobot_ws2/install/arduino_py_examples/share/arduino_py_examples/package.ps1'
[1.329s] INFO:colcon.colcon_core.shell:Creating package descriptor '/home/burak/arduinobot_ws2/install/arduino_py_examples/share/arduino_py_examples/package.dsv'
[1.330s] INFO:colcon.colcon_core.shell:Creating package script '/home/burak/arduinobot_ws2/install/arduino_py_examples/share/arduino_py_examples/package.sh'
[1.330s] INFO:colcon.colcon_core.shell:Creating package script '/home/burak/arduinobot_ws2/install/arduino_py_examples/share/arduino_py_examples/package.bash'
[1.331s] INFO:colcon.colcon_core.shell:Creating package script '/home/burak/arduinobot_ws2/install/arduino_py_examples/share/arduino_py_examples/package.zsh'
[1.331s] Level 1:colcon.colcon_core.environment:create_file_with_runtime_dependencies(/home/burak/arduinobot_ws2/install/arduino_py_examples/share/colcon-core/packages/arduino_py_examples)
[3.229s] DEBUG:colcon.colcon_core.event_handler.log_command:Invoked command in '/home/burak/arduinobot_ws2/build/arduinobot_description' returned '0': CMAKE_PREFIX_PATH=${CMAKE_PREFIX_PATH}:/opt/ros/jazzy /usr/bin/cmake /home/burak/arduinobot_ws2/src/arduinobot_description -DCMAKE_INSTALL_PREFIX=/home/burak/arduinobot_ws2/install/arduinobot_description
[3.230s] DEBUG:colcon.colcon_core.event_handler.log_command:Invoking command in '/home/burak/arduinobot_ws2/build/arduinobot_description': CMAKE_PREFIX_PATH=${CMAKE_PREFIX_PATH}:/opt/ros/jazzy /usr/bin/cmake --build /home/burak/arduinobot_ws2/build/arduinobot_description -- -j20 -l20
[3.257s] DEBUG:colcon.colcon_core.event_handler.log_command:Invoked command in '/home/burak/arduinobot_ws2/build/arduinobot_description' returned '0': CMAKE_PREFIX_PATH=${CMAKE_PREFIX_PATH}:/opt/ros/jazzy /usr/bin/cmake --build /home/burak/arduinobot_ws2/build/arduinobot_description -- -j20 -l20
[3.264s] DEBUG:colcon.colcon_core.event_handler.log_command:Invoking command in '/home/burak/arduinobot_ws2/build/arduinobot_description': CMAKE_PREFIX_PATH=${CMAKE_PREFIX_PATH}:/opt/ros/jazzy /usr/bin/cmake --install /home/burak/arduinobot_ws2/build/arduinobot_description
[3.307s] Level 1:colcon.colcon_core.environment:create_environment_scripts_only(arduinobot_description)
[3.307s] Level 1:colcon.colcon_core.environment:checking '/home/burak/arduinobot_ws2/install/arduinobot_description' for CMake module files
[3.307s] DEBUG:colcon.colcon_core.event_handler.log_command:Invoked command in '/home/burak/arduinobot_ws2/build/arduinobot_description' returned '0': CMAKE_PREFIX_PATH=${CMAKE_PREFIX_PATH}:/opt/ros/jazzy /usr/bin/cmake --install /home/burak/arduinobot_ws2/build/arduinobot_description
[3.307s] Level 1:colcon.colcon_core.environment:checking '/home/burak/arduinobot_ws2/install/arduinobot_description' for CMake config files
[3.307s] Level 1:colcon.colcon_core.shell:create_environment_hook('arduinobot_description', 'cmake_prefix_path')
[3.308s] INFO:colcon.colcon_core.shell:Creating environment hook '/home/burak/arduinobot_ws2/install/arduinobot_description/share/arduinobot_description/hook/cmake_prefix_path.ps1'
[3.308s] INFO:colcon.colcon_core.shell:Creating environment descriptor '/home/burak/arduinobot_ws2/install/arduinobot_description/share/arduinobot_description/hook/cmake_prefix_path.dsv'
[3.308s] INFO:colcon.colcon_core.shell:Creating environment hook '/home/burak/arduinobot_ws2/install/arduinobot_description/share/arduinobot_description/hook/cmake_prefix_path.sh'
[3.309s] Level 1:colcon.colcon_core.environment:checking '/home/burak/arduinobot_ws2/install/arduinobot_description/bin'
[3.309s] Level 1:colcon.colcon_core.environment:checking '/home/burak/arduinobot_ws2/install/arduinobot_description/lib/pkgconfig/arduinobot_description.pc'
[3.309s] Level 1:colcon.colcon_core.environment:checking '/home/burak/arduinobot_ws2/install/arduinobot_description/lib/python3.12/site-packages'
[3.309s] Level 1:colcon.colcon_core.environment:checking '/home/burak/arduinobot_ws2/install/arduinobot_description/bin'
[3.309s] INFO:colcon.colcon_core.shell:Creating package script '/home/burak/arduinobot_ws2/install/arduinobot_description/share/arduinobot_description/package.ps1'
[3.309s] INFO:colcon.colcon_core.shell:Creating package descriptor '/home/burak/arduinobot_ws2/install/arduinobot_description/share/arduinobot_description/package.dsv'
[3.310s] INFO:colcon.colcon_core.shell:Creating package script '/home/burak/arduinobot_ws2/install/arduinobot_description/share/arduinobot_description/package.sh'
[3.310s] INFO:colcon.colcon_core.shell:Creating package script '/home/burak/arduinobot_ws2/install/arduinobot_description/share/arduinobot_description/package.bash'
[3.310s] INFO:colcon.colcon_core.shell:Creating package script '/home/burak/arduinobot_ws2/install/arduinobot_description/share/arduinobot_description/package.zsh'
[3.311s] Level 1:colcon.colcon_core.environment:create_file_with_runtime_dependencies(/home/burak/arduinobot_ws2/install/arduinobot_description/share/colcon-core/packages/arduinobot_description)
[3.311s] Level 1:colcon.colcon_core.environment:create_environment_scripts_only(arduinobot_description)
[3.311s] Level 1:colcon.colcon_core.environment:checking '/home/burak/arduinobot_ws2/install/arduinobot_description' for CMake module files
[3.312s] Level 1:colcon.colcon_core.environment:checking '/home/burak/arduinobot_ws2/install/arduinobot_description' for CMake config files
[3.312s] Level 1:colcon.colcon_core.shell:create_environment_hook('arduinobot_description', 'cmake_prefix_path')
[3.312s] INFO:colcon.colcon_core.shell:Creating environment hook '/home/burak/arduinobot_ws2/install/arduinobot_description/share/arduinobot_description/hook/cmake_prefix_path.ps1'
[3.312s] INFO:colcon.colcon_core.shell:Creating environment descriptor '/home/burak/arduinobot_ws2/install/arduinobot_description/share/arduinobot_description/hook/cmake_prefix_path.dsv'
[3.312s] INFO:colcon.colcon_core.shell:Creating environment hook '/home/burak/arduinobot_ws2/install/arduinobot_description/share/arduinobot_description/hook/cmake_prefix_path.sh'
[3.313s] Level 1:colcon.colcon_core.environment:checking '/home/burak/arduinobot_ws2/install/arduinobot_description/bin'
[3.313s] Level 1:colcon.colcon_core.environment:checking '/home/burak/arduinobot_ws2/install/arduinobot_description/lib/pkgconfig/arduinobot_description.pc'
[3.313s] Level 1:colcon.colcon_core.environment:checking '/home/burak/arduinobot_ws2/install/arduinobot_description/lib/python3.12/site-packages'
[3.313s] Level 1:colcon.colcon_core.environment:checking '/home/burak/arduinobot_ws2/install/arduinobot_description/bin'
[3.313s] INFO:colcon.colcon_core.shell:Creating package script '/home/burak/arduinobot_ws2/install/arduinobot_description/share/arduinobot_description/package.ps1'
[3.314s] INFO:colcon.colcon_core.shell:Creating package descriptor '/home/burak/arduinobot_ws2/install/arduinobot_description/share/arduinobot_description/package.dsv'
[3.314s] INFO:colcon.colcon_core.shell:Creating package script '/home/burak/arduinobot_ws2/install/arduinobot_description/share/arduinobot_description/package.sh'
[3.314s] INFO:colcon.colcon_core.shell:Creating package script '/home/burak/arduinobot_ws2/install/arduinobot_description/share/arduinobot_description/package.bash'
[3.314s] INFO:colcon.colcon_core.shell:Creating package script '/home/burak/arduinobot_ws2/install/arduinobot_description/share/arduinobot_description/package.zsh'
[3.314s] Level 1:colcon.colcon_core.environment:create_file_with_runtime_dependencies(/home/burak/arduinobot_ws2/install/arduinobot_description/share/colcon-core/packages/arduinobot_description)
[4.041s] DEBUG:colcon.colcon_core.event_handler.log_command:Invoked command in '/home/burak/arduinobot_ws2/build/arduinobot_cpp_examples' returned '0': CMAKE_PREFIX_PATH=${CMAKE_PREFIX_PATH}:/opt/ros/jazzy /usr/bin/cmake /home/burak/arduinobot_ws2/src/arduino_cpp_examples -DCMAKE_INSTALL_PREFIX=/home/burak/arduinobot_ws2/install/arduinobot_cpp_examples
[4.042s] DEBUG:colcon.colcon_core.event_handler.log_command:Invoking command in '/home/burak/arduinobot_ws2/build/arduinobot_cpp_examples': CMAKE_PREFIX_PATH=${CMAKE_PREFIX_PATH}:/opt/ros/jazzy /usr/bin/cmake --build /home/burak/arduinobot_ws2/build/arduinobot_cpp_examples -- -j20 -l20
[4.134s] DEBUG:colcon.colcon_core.event_handler.log_command:Invoked command in '/home/burak/arduinobot_ws2/build/arduinobot_controller' returned '0': CMAKE_PREFIX_PATH=${CMAKE_PREFIX_PATH}:/opt/ros/jazzy /usr/bin/cmake /home/burak/arduinobot_ws2/src/arduinobot_controller -DCMAKE_INSTALL_PREFIX=/home/burak/arduinobot_ws2/install/arduinobot_controller
[4.135s] DEBUG:colcon.colcon_core.event_handler.log_command:Invoking command in '/home/burak/arduinobot_ws2/build/arduinobot_controller': CMAKE_PREFIX_PATH=${CMAKE_PREFIX_PATH}:/opt/ros/jazzy /usr/bin/cmake --build /home/burak/arduinobot_ws2/build/arduinobot_controller -- -j20 -l20
[10.727s] DEBUG:colcon.colcon_core.event_handler.log_command:Invoked command in '/home/burak/arduinobot_ws2/build/arduinobot_cpp_examples' returned '0': CMAKE_PREFIX_PATH=${CMAKE_PREFIX_PATH}:/opt/ros/jazzy /usr/bin/cmake --build /home/burak/arduinobot_ws2/build/arduinobot_cpp_examples -- -j20 -l20
[10.727s] DEBUG:colcon.colcon_core.event_handler.log_command:Invoking command in '/home/burak/arduinobot_ws2/build/arduinobot_cpp_examples': CMAKE_PREFIX_PATH=${CMAKE_PREFIX_PATH}:/opt/ros/jazzy /usr/bin/cmake --install /home/burak/arduinobot_ws2/build/arduinobot_cpp_examples
[10.738s] Level 1:colcon.colcon_core.environment:create_environment_scripts_only(arduinobot_cpp_examples)
[10.739s] DEBUG:colcon.colcon_core.event_handler.log_command:Invoked command in '/home/burak/arduinobot_ws2/build/arduinobot_cpp_examples' returned '0': CMAKE_PREFIX_PATH=${CMAKE_PREFIX_PATH}:/opt/ros/jazzy /usr/bin/cmake --install /home/burak/arduinobot_ws2/build/arduinobot_cpp_examples
[10.739s] Level 1:colcon.colcon_core.environment:checking '/home/burak/arduinobot_ws2/install/arduinobot_cpp_examples' for CMake module files
[10.739s] Level 1:colcon.colcon_core.environment:checking '/home/burak/arduinobot_ws2/install/arduinobot_cpp_examples' for CMake config files
[10.739s] Level 1:colcon.colcon_core.shell:create_environment_hook('arduinobot_cpp_examples', 'cmake_prefix_path')
[10.739s] INFO:colcon.colcon_core.shell:Creating environment hook '/home/burak/arduinobot_ws2/install/arduinobot_cpp_examples/share/arduinobot_cpp_examples/hook/cmake_prefix_path.ps1'
[10.740s] INFO:colcon.colcon_core.shell:Creating environment descriptor '/home/burak/arduinobot_ws2/install/arduinobot_cpp_examples/share/arduinobot_cpp_examples/hook/cmake_prefix_path.dsv'
[10.740s] INFO:colcon.colcon_core.shell:Creating environment hook '/home/burak/arduinobot_ws2/install/arduinobot_cpp_examples/share/arduinobot_cpp_examples/hook/cmake_prefix_path.sh'
[10.740s] Level 1:colcon.colcon_core.environment:checking '/home/burak/arduinobot_ws2/install/arduinobot_cpp_examples/lib'
[10.740s] Level 1:colcon.colcon_core.environment:checking '/home/burak/arduinobot_ws2/install/arduinobot_cpp_examples/bin'
[10.740s] Level 1:colcon.colcon_core.environment:checking '/home/burak/arduinobot_ws2/install/arduinobot_cpp_examples/lib/pkgconfig/arduinobot_cpp_examples.pc'
[10.741s] Level 1:colcon.colcon_core.environment:checking '/home/burak/arduinobot_ws2/install/arduinobot_cpp_examples/lib/python3.12/site-packages'
[10.741s] Level 1:colcon.colcon_core.environment:checking '/home/burak/arduinobot_ws2/install/arduinobot_cpp_examples/bin'
[10.741s] INFO:colcon.colcon_core.shell:Creating package script '/home/burak/arduinobot_ws2/install/arduinobot_cpp_examples/share/arduinobot_cpp_examples/package.ps1'
[10.741s] INFO:colcon.colcon_core.shell:Creating package descriptor '/home/burak/arduinobot_ws2/install/arduinobot_cpp_examples/share/arduinobot_cpp_examples/package.dsv'
[10.741s] INFO:colcon.colcon_core.shell:Creating package script '/home/burak/arduinobot_ws2/install/arduinobot_cpp_examples/share/arduinobot_cpp_examples/package.sh'
[10.742s] INFO:colcon.colcon_core.shell:Creating package script '/home/burak/arduinobot_ws2/install/arduinobot_cpp_examples/share/arduinobot_cpp_examples/package.bash'
[10.742s] INFO:colcon.colcon_core.shell:Creating package script '/home/burak/arduinobot_ws2/install/arduinobot_cpp_examples/share/arduinobot_cpp_examples/package.zsh'
[10.742s] Level 1:colcon.colcon_core.environment:create_file_with_runtime_dependencies(/home/burak/arduinobot_ws2/install/arduinobot_cpp_examples/share/colcon-core/packages/arduinobot_cpp_examples)
[10.742s] Level 1:colcon.colcon_core.environment:create_environment_scripts_only(arduinobot_cpp_examples)
[10.743s] Level 1:colcon.colcon_core.environment:checking '/home/burak/arduinobot_ws2/install/arduinobot_cpp_examples' for CMake module files
[10.743s] Level 1:colcon.colcon_core.environment:checking '/home/burak/arduinobot_ws2/install/arduinobot_cpp_examples' for CMake config files
[10.743s] Level 1:colcon.colcon_core.shell:create_environment_hook('arduinobot_cpp_examples', 'cmake_prefix_path')
[10.743s] INFO:colcon.colcon_core.shell:Creating environment hook '/home/burak/arduinobot_ws2/install/arduinobot_cpp_examples/share/arduinobot_cpp_examples/hook/cmake_prefix_path.ps1'
[10.743s] INFO:colcon.colcon_core.shell:Creating environment descriptor '/home/burak/arduinobot_ws2/install/arduinobot_cpp_examples/share/arduinobot_cpp_examples/hook/cmake_prefix_path.dsv'
[10.743s] INFO:colcon.colcon_core.shell:Creating environment hook '/home/burak/arduinobot_ws2/install/arduinobot_cpp_examples/share/arduinobot_cpp_examples/hook/cmake_prefix_path.sh'
[10.744s] Level 1:colcon.colcon_core.environment:checking '/home/burak/arduinobot_ws2/install/arduinobot_cpp_examples/lib'
[10.744s] Level 1:colcon.colcon_core.environment:checking '/home/burak/arduinobot_ws2/install/arduinobot_cpp_examples/bin'
[10.744s] Level 1:colcon.colcon_core.environment:checking '/home/burak/arduinobot_ws2/install/arduinobot_cpp_examples/lib/pkgconfig/arduinobot_cpp_examples.pc'
[10.744s] Level 1:colcon.colcon_core.environment:checking '/home/burak/arduinobot_ws2/install/arduinobot_cpp_examples/lib/python3.12/site-packages'
[10.744s] Level 1:colcon.colcon_core.environment:checking '/home/burak/arduinobot_ws2/install/arduinobot_cpp_examples/bin'
[10.744s] INFO:colcon.colcon_core.shell:Creating package script '/home/burak/arduinobot_ws2/install/arduinobot_cpp_examples/share/arduinobot_cpp_examples/package.ps1'
[10.744s] INFO:colcon.colcon_core.shell:Creating package descriptor '/home/burak/arduinobot_ws2/install/arduinobot_cpp_examples/share/arduinobot_cpp_examples/package.dsv'
[10.745s] INFO:colcon.colcon_core.shell:Creating package script '/home/burak/arduinobot_ws2/install/arduinobot_cpp_examples/share/arduinobot_cpp_examples/package.sh'
[10.745s] INFO:colcon.colcon_core.shell:Creating package script '/home/burak/arduinobot_ws2/install/arduinobot_cpp_examples/share/arduinobot_cpp_examples/package.bash'
[10.745s] INFO:colcon.colcon_core.shell:Creating package script '/home/burak/arduinobot_ws2/install/arduinobot_cpp_examples/share/arduinobot_cpp_examples/package.zsh'
[10.745s] Level 1:colcon.colcon_core.environment:create_file_with_runtime_dependencies(/home/burak/arduinobot_ws2/install/arduinobot_cpp_examples/share/colcon-core/packages/arduinobot_cpp_examples)
[11.252s] DEBUG:colcon.colcon_core.event_handler.log_command:Invoked command in '/home/burak/arduinobot_ws2/build/arduinobot_controller' returned '0': CMAKE_PREFIX_PATH=${CMAKE_PREFIX_PATH}:/opt/ros/jazzy /usr/bin/cmake --build /home/burak/arduinobot_ws2/build/arduinobot_controller -- -j20 -l20
[11.253s] DEBUG:colcon.colcon_core.event_handler.log_command:Invoking command in '/home/burak/arduinobot_ws2/build/arduinobot_controller': CMAKE_PREFIX_PATH=${CMAKE_PREFIX_PATH}:/opt/ros/jazzy /usr/bin/cmake --install /home/burak/arduinobot_ws2/build/arduinobot_controller
[11.296s] Level 1:colcon.colcon_core.environment:create_environment_scripts_only(arduinobot_controller)
[11.296s] Level 1:colcon.colcon_core.environment:checking '/home/burak/arduinobot_ws2/install/arduinobot_controller' for CMake module files
[11.297s] DEBUG:colcon.colcon_core.event_handler.log_command:Invoked command in '/home/burak/arduinobot_ws2/build/arduinobot_controller' returned '0': CMAKE_PREFIX_PATH=${CMAKE_PREFIX_PATH}:/opt/ros/jazzy /usr/bin/cmake --install /home/burak/arduinobot_ws2/build/arduinobot_controller
[11.297s] Level 1:colcon.colcon_core.environment:checking '/home/burak/arduinobot_ws2/install/arduinobot_controller' for CMake config files
[11.297s] Level 1:colcon.colcon_core.shell:create_environment_hook('arduinobot_controller', 'cmake_prefix_path')
[11.297s] INFO:colcon.colcon_core.shell:Creating environment hook '/home/burak/arduinobot_ws2/install/arduinobot_controller/share/arduinobot_controller/hook/cmake_prefix_path.ps1'
[11.297s] INFO:colcon.colcon_core.shell:Creating environment descriptor '/home/burak/arduinobot_ws2/install/arduinobot_controller/share/arduinobot_controller/hook/cmake_prefix_path.dsv'
[11.298s] INFO:colcon.colcon_core.shell:Creating environment hook '/home/burak/arduinobot_ws2/install/arduinobot_controller/share/arduinobot_controller/hook/cmake_prefix_path.sh'
[11.298s] Level 1:colcon.colcon_core.environment:checking '/home/burak/arduinobot_ws2/install/arduinobot_controller/lib'
[11.298s] Level 1:colcon.colcon_core.environment:checking '/home/burak/arduinobot_ws2/install/arduinobot_controller/bin'
[11.298s] Level 1:colcon.colcon_core.environment:checking '/home/burak/arduinobot_ws2/install/arduinobot_controller/lib/pkgconfig/arduinobot_controller.pc'
[11.298s] Level 1:colcon.colcon_core.environment:checking '/home/burak/arduinobot_ws2/install/arduinobot_controller/lib/python3.12/site-packages'
[11.298s] Level 1:colcon.colcon_core.shell:create_environment_hook('arduinobot_controller', 'pythonpath')
[11.298s] INFO:colcon.colcon_core.shell:Creating environment hook '/home/burak/arduinobot_ws2/install/arduinobot_controller/share/arduinobot_controller/hook/pythonpath.ps1'
[11.299s] INFO:colcon.colcon_core.shell:Creating environment descriptor '/home/burak/arduinobot_ws2/install/arduinobot_controller/share/arduinobot_controller/hook/pythonpath.dsv'
[11.299s] INFO:colcon.colcon_core.shell:Creating environment hook '/home/burak/arduinobot_ws2/install/arduinobot_controller/share/arduinobot_controller/hook/pythonpath.sh'
[11.299s] Level 1:colcon.colcon_core.environment:checking '/home/burak/arduinobot_ws2/install/arduinobot_controller/bin'
[11.299s] INFO:colcon.colcon_core.shell:Creating package script '/home/burak/arduinobot_ws2/install/arduinobot_controller/share/arduinobot_controller/package.ps1'
[11.300s] INFO:colcon.colcon_core.shell:Creating package descriptor '/home/burak/arduinobot_ws2/install/arduinobot_controller/share/arduinobot_controller/package.dsv'
[11.300s] INFO:colcon.colcon_core.shell:Creating package script '/home/burak/arduinobot_ws2/install/arduinobot_controller/share/arduinobot_controller/package.sh'
[11.300s] INFO:colcon.colcon_core.shell:Creating package script '/home/burak/arduinobot_ws2/install/arduinobot_controller/share/arduinobot_controller/package.bash'
[11.300s] INFO:colcon.colcon_core.shell:Creating package script '/home/burak/arduinobot_ws2/install/arduinobot_controller/share/arduinobot_controller/package.zsh'
[11.301s] Level 1:colcon.colcon_core.environment:create_file_with_runtime_dependencies(/home/burak/arduinobot_ws2/install/arduinobot_controller/share/colcon-core/packages/arduinobot_controller)
[11.301s] Level 1:colcon.colcon_core.environment:create_environment_scripts_only(arduinobot_controller)
[11.301s] Level 1:colcon.colcon_core.environment:checking '/home/burak/arduinobot_ws2/install/arduinobot_controller' for CMake module files
[11.301s] Level 1:colcon.colcon_core.environment:checking '/home/burak/arduinobot_ws2/install/arduinobot_controller' for CMake config files
[11.302s] Level 1:colcon.colcon_core.shell:create_environment_hook('arduinobot_controller', 'cmake_prefix_path')
[11.302s] INFO:colcon.colcon_core.shell:Creating environment hook '/home/burak/arduinobot_ws2/install/arduinobot_controller/share/arduinobot_controller/hook/cmake_prefix_path.ps1'
[11.302s] INFO:colcon.colcon_core.shell:Creating environment descriptor '/home/burak/arduinobot_ws2/install/arduinobot_controller/share/arduinobot_controller/hook/cmake_prefix_path.dsv'
[11.302s] INFO:colcon.colcon_core.shell:Creating environment hook '/home/burak/arduinobot_ws2/install/arduinobot_controller/share/arduinobot_controller/hook/cmake_prefix_path.sh'
[11.303s] Level 1:colcon.colcon_core.environment:checking '/home/burak/arduinobot_ws2/install/arduinobot_controller/lib'
[11.303s] Level 1:colcon.colcon_core.environment:checking '/home/burak/arduinobot_ws2/install/arduinobot_controller/bin'
[11.303s] Level 1:colcon.colcon_core.environment:checking '/home/burak/arduinobot_ws2/install/arduinobot_controller/lib/pkgconfig/arduinobot_controller.pc'
[11.303s] Level 1:colcon.colcon_core.environment:checking '/home/burak/arduinobot_ws2/install/arduinobot_controller/lib/python3.12/site-packages'
[11.303s] Level 1:colcon.colcon_core.shell:create_environment_hook('arduinobot_controller', 'pythonpath')
[11.303s] INFO:colcon.colcon_core.shell:Creating environment hook '/home/burak/arduinobot_ws2/install/arduinobot_controller/share/arduinobot_controller/hook/pythonpath.ps1'
[11.303s] INFO:colcon.colcon_core.shell:Creating environment descriptor '/home/burak/arduinobot_ws2/install/arduinobot_controller/share/arduinobot_controller/hook/pythonpath.dsv'
[11.303s] INFO:colcon.colcon_core.shell:Creating environment hook '/home/burak/arduinobot_ws2/install/arduinobot_controller/share/arduinobot_controller/hook/pythonpath.sh'
[11.304s] Level 1:colcon.colcon_core.environment:checking '/home/burak/arduinobot_ws2/install/arduinobot_controller/bin'
[11.304s] INFO:colcon.colcon_core.shell:Creating package script '/home/burak/arduinobot_ws2/install/arduinobot_controller/share/arduinobot_controller/package.ps1'
[11.304s] INFO:colcon.colcon_core.shell:Creating package descriptor '/home/burak/arduinobot_ws2/install/arduinobot_controller/share/arduinobot_controller/package.dsv'
[11.304s] INFO:colcon.colcon_core.shell:Creating package script '/home/burak/arduinobot_ws2/install/arduinobot_controller/share/arduinobot_controller/package.sh'
[11.305s] INFO:colcon.colcon_core.shell:Creating package script '/home/burak/arduinobot_ws2/install/arduinobot_controller/share/arduinobot_controller/package.bash'
[11.305s] INFO:colcon.colcon_core.shell:Creating package script '/home/burak/arduinobot_ws2/install/arduinobot_controller/share/arduinobot_controller/package.zsh'
[11.305s] Level 1:colcon.colcon_core.environment:create_file_with_runtime_dependencies(/home/burak/arduinobot_ws2/install/arduinobot_controller/share/colcon-core/packages/arduinobot_controller)
[11.305s] DEBUG:colcon.colcon_parallel_executor.executor.parallel:closing loop
[11.306s] DEBUG:colcon.colcon_parallel_executor.executor.parallel:loop closed
[11.306s] DEBUG:colcon.colcon_parallel_executor.executor.parallel:run_until_complete finished with '0'
[11.306s] DEBUG:colcon.colcon_core.event_reactor:joining thread
[11.464s] INFO:colcon.colcon_core.plugin_system:Skipping extension 'colcon_notification.desktop_notification.notify_send': Could not find 'notify-send'
[11.464s] INFO:colcon.colcon_core.plugin_system:Skipping extension 'colcon_notification.desktop_notification.terminal_notifier': Not used on non-Darwin systems
[11.464s] INFO:colcon.colcon_core.plugin_system:Skipping extension 'colcon_notification.desktop_notification.win32': Not used on non-Windows systems
[11.464s] INFO:colcon.colcon_notification.desktop_notification:Sending desktop notification using 'notify2'
[11.473s] DEBUG:colcon.colcon_notification.desktop_notification.notify2:Failed to initialize notify2: org.freedesktop.DBus.Error.ServiceUnknown: The name org.freedesktop.Notifications was not provided by any .service files
[11.473s] DEBUG:colcon.colcon_core.event_reactor:joined thread
[11.474s] INFO:colcon.colcon_core.shell:Creating prefix script '/home/burak/arduinobot_ws2/install/local_setup.ps1'
[11.474s] INFO:colcon.colcon_core.shell:Creating prefix util module '/home/burak/arduinobot_ws2/install/_local_setup_util_ps1.py'
[11.475s] INFO:colcon.colcon_core.shell:Creating prefix chain script '/home/burak/arduinobot_ws2/install/setup.ps1'
[11.476s] INFO:colcon.colcon_core.shell:Creating prefix script '/home/burak/arduinobot_ws2/install/local_setup.sh'
[11.476s] INFO:colcon.colcon_core.shell:Creating prefix util module '/home/burak/arduinobot_ws2/install/_local_setup_util_sh.py'
[11.477s] INFO:colcon.colcon_core.shell:Creating prefix chain script '/home/burak/arduinobot_ws2/install/setup.sh'
[11.477s] INFO:colcon.colcon_core.shell:Creating prefix script '/home/burak/arduinobot_ws2/install/local_setup.bash'
[11.478s] INFO:colcon.colcon_core.shell:Creating prefix chain script '/home/burak/arduinobot_ws2/install/setup.bash'
[11.486s] INFO:colcon.colcon_core.shell:Creating prefix script '/home/burak/arduinobot_ws2/install/local_setup.zsh'
[11.486s] INFO:colcon.colcon_core.shell:Creating prefix chain script '/home/burak/arduinobot_ws2/install/setup.zsh'
